#! /usr/bin/vvp
:ivl_version "11.0 (stable)" "(v11_0)";
:ivl_delay_selection "TYPICAL";
:vpi_time_precision + 0;
:vpi_module "/usr/lib/ivl/system.vpi";
:vpi_module "/usr/lib/ivl/vhdl_sys.vpi";
:vpi_module "/usr/lib/ivl/vhdl_textio.vpi";
:vpi_module "/usr/lib/ivl/v2005_math.vpi";
:vpi_module "/usr/lib/ivl/va_math.vpi";
:vpi_module "/usr/lib/ivl/v2009.vpi";
S_0x556f9ac05910 .scope package, "$unit" "$unit" 2 1;
 .timescale 0 0;
S_0x556f9ac05aa0 .scope module, "ALU" "ALU" 3 1;
 .timescale 0 0;
    .port_info 0 /INPUT 32 "ALU_In_1";
    .port_info 1 /INPUT 32 "ALU_In_2";
    .port_info 2 /INPUT 4 "Op";
    .port_info 3 /OUTPUT 32 "Res";
o0x7f3494f1a018 .functor BUFZ 32, C4<zzzzzzzzzzzzzzzzzzzzzzzzzzzzzzzz>; HiZ drive
v0x556f9abdd100_0 .net "ALU_In_1", 31 0, o0x7f3494f1a018;  0 drivers
o0x7f3494f1a048 .functor BUFZ 32, C4<zzzzzzzzzzzzzzzzzzzzzzzzzzzzzzzz>; HiZ drive
v0x556f9abde0a0_0 .net "ALU_In_2", 31 0, o0x7f3494f1a048;  0 drivers
o0x7f3494f1a078 .functor BUFZ 4, C4<zzzz>; HiZ drive
v0x556f9abdde40_0 .net "Op", 3 0, o0x7f3494f1a078;  0 drivers
v0x556f9ac2bd20_0 .var "Res", 31 0;
E_0x556f9ac152b0 .event edge, v0x556f9abdde40_0, v0x556f9abdd100_0, v0x556f9abde0a0_0, v0x556f9abde0a0_0;
    .scope S_0x556f9ac05aa0;
T_0 ;
Ewait_0 .event/or E_0x556f9ac152b0, E_0x0;
    %wait Ewait_0;
    %load/vec4 v0x556f9abdde40_0;
    %dup/vec4;
    %pushi/vec4 0, 0, 4;
    %cmp/u;
    %jmp/1 T_0.0, 6;
    %dup/vec4;
    %pushi/vec4 1, 0, 4;
    %cmp/u;
    %jmp/1 T_0.1, 6;
    %dup/vec4;
    %pushi/vec4 2, 0, 4;
    %cmp/u;
    %jmp/1 T_0.2, 6;
    %dup/vec4;
    %pushi/vec4 3, 0, 4;
    %cmp/u;
    %jmp/1 T_0.3, 6;
    %dup/vec4;
    %pushi/vec4 4, 0, 4;
    %cmp/u;
    %jmp/1 T_0.4, 6;
    %dup/vec4;
    %pushi/vec4 5, 0, 4;
    %cmp/u;
    %jmp/1 T_0.5, 6;
    %dup/vec4;
    %pushi/vec4 6, 0, 4;
    %cmp/u;
    %jmp/1 T_0.6, 6;
    %dup/vec4;
    %pushi/vec4 7, 0, 4;
    %cmp/u;
    %jmp/1 T_0.7, 6;
    %dup/vec4;
    %pushi/vec4 8, 0, 4;
    %cmp/u;
    %jmp/1 T_0.8, 6;
    %dup/vec4;
    %pushi/vec4 9, 0, 4;
    %cmp/u;
    %jmp/1 T_0.9, 6;
    %dup/vec4;
    %pushi/vec4 10, 0, 4;
    %cmp/u;
    %jmp/1 T_0.10, 6;
    %dup/vec4;
    %pushi/vec4 11, 0, 4;
    %cmp/u;
    %jmp/1 T_0.11, 6;
    %dup/vec4;
    %pushi/vec4 12, 0, 4;
    %cmp/u;
    %jmp/1 T_0.12, 6;
    %dup/vec4;
    %pushi/vec4 13, 0, 4;
    %cmp/u;
    %jmp/1 T_0.13, 6;
    %dup/vec4;
    %pushi/vec4 14, 0, 4;
    %cmp/u;
    %jmp/1 T_0.14, 6;
    %dup/vec4;
    %pushi/vec4 15, 0, 4;
    %cmp/u;
    %jmp/1 T_0.15, 6;
    %pushi/vec4 0, 0, 32;
    %store/vec4 v0x556f9ac2bd20_0, 0, 32;
    %jmp T_0.17;
T_0.0 ;
    %load/vec4 v0x556f9abdd100_0;
    %load/vec4 v0x556f9abde0a0_0;
    %and;
    %store/vec4 v0x556f9ac2bd20_0, 0, 32;
    %jmp T_0.17;
T_0.1 ;
    %load/vec4 v0x556f9abdd100_0;
    %load/vec4 v0x556f9abde0a0_0;
    %or;
    %store/vec4 v0x556f9ac2bd20_0, 0, 32;
    %jmp T_0.17;
T_0.2 ;
    %load/vec4 v0x556f9abdd100_0;
    %load/vec4 v0x556f9abde0a0_0;
    %add;
    %store/vec4 v0x556f9ac2bd20_0, 0, 32;
    %jmp T_0.17;
T_0.3 ;
    %load/vec4 v0x556f9abdd100_0;
    %load/vec4 v0x556f9abde0a0_0;
    %xor;
    %store/vec4 v0x556f9ac2bd20_0, 0, 32;
    %jmp T_0.17;
T_0.4 ;
    %load/vec4 v0x556f9abdd100_0;
    %load/vec4 v0x556f9abde0a0_0;
    %parti/s 5, 0, 2;
    %ix/vec4 4;
    %shiftl 4;
    %store/vec4 v0x556f9ac2bd20_0, 0, 32;
    %jmp T_0.17;
T_0.5 ;
    %load/vec4 v0x556f9abdd100_0;
    %load/vec4 v0x556f9abde0a0_0;
    %parti/s 5, 0, 2;
    %ix/vec4 4;
    %shiftr 4;
    %store/vec4 v0x556f9ac2bd20_0, 0, 32;
    %jmp T_0.17;
T_0.6 ;
    %load/vec4 v0x556f9abdd100_0;
    %load/vec4 v0x556f9abde0a0_0;
    %parti/s 5, 0, 2;
    %ix/vec4 4;
    %shiftr/s 4;
    %store/vec4 v0x556f9ac2bd20_0, 0, 32;
    %jmp T_0.17;
T_0.7 ;
    %load/vec4 v0x556f9abdd100_0;
    %load/vec4 v0x556f9abde0a0_0;
    %sub;
    %store/vec4 v0x556f9ac2bd20_0, 0, 32;
    %jmp T_0.17;
T_0.8 ;
    %load/vec4 v0x556f9abdd100_0;
    %load/vec4 v0x556f9abde0a0_0;
    %mul;
    %store/vec4 v0x556f9ac2bd20_0, 0, 32;
    %jmp T_0.17;
T_0.9 ;
    %load/vec4 v0x556f9abdd100_0;
    %load/vec4 v0x556f9abde0a0_0;
    %cmp/u;
    %flag_mov 8, 5;
    %jmp/0 T_0.18, 8;
    %pushi/vec4 1, 0, 32;
    %jmp/1 T_0.19, 8;
T_0.18 ; End of true expr.
    %pushi/vec4 0, 0, 32;
    %jmp/0 T_0.19, 8;
 ; End of false expr.
    %blend;
T_0.19;
    %store/vec4 v0x556f9ac2bd20_0, 0, 32;
    %jmp T_0.17;
T_0.10 ;
    %load/vec4 v0x556f9abdd100_0;
    %load/vec4 v0x556f9abde0a0_0;
    %cmp/s;
    %flag_mov 8, 5;
    %jmp/0 T_0.20, 8;
    %pushi/vec4 1, 0, 32;
    %jmp/1 T_0.21, 8;
T_0.20 ; End of true expr.
    %pushi/vec4 0, 0, 32;
    %jmp/0 T_0.21, 8;
 ; End of false expr.
    %blend;
T_0.21;
    %store/vec4 v0x556f9ac2bd20_0, 0, 32;
    %jmp T_0.17;
T_0.11 ;
    %load/vec4 v0x556f9abdd100_0;
    %load/vec4 v0x556f9abde0a0_0;
    %cmp/e;
    %flag_mov 8, 4;
    %jmp/0 T_0.22, 8;
    %pushi/vec4 1, 0, 32;
    %jmp/1 T_0.23, 8;
T_0.22 ; End of true expr.
    %pushi/vec4 0, 0, 32;
    %jmp/0 T_0.23, 8;
 ; End of false expr.
    %blend;
T_0.23;
    %store/vec4 v0x556f9ac2bd20_0, 0, 32;
    %jmp T_0.17;
T_0.12 ;
    %load/vec4 v0x556f9abdd100_0;
    %load/vec4 v0x556f9abde0a0_0;
    %cmp/ne;
    %flag_mov 8, 4;
    %jmp/0 T_0.24, 8;
    %pushi/vec4 1, 0, 32;
    %jmp/1 T_0.25, 8;
T_0.24 ; End of true expr.
    %pushi/vec4 0, 0, 32;
    %jmp/0 T_0.25, 8;
 ; End of false expr.
    %blend;
T_0.25;
    %store/vec4 v0x556f9ac2bd20_0, 0, 32;
    %jmp T_0.17;
T_0.13 ;
    %load/vec4 v0x556f9abde0a0_0;
    %load/vec4 v0x556f9abdd100_0;
    %cmp/s;
    %flag_or 5, 4;
    %flag_mov 8, 5;
    %jmp/0 T_0.26, 8;
    %pushi/vec4 1, 0, 32;
    %jmp/1 T_0.27, 8;
T_0.26 ; End of true expr.
    %pushi/vec4 0, 0, 32;
    %jmp/0 T_0.27, 8;
 ; End of false expr.
    %blend;
T_0.27;
    %store/vec4 v0x556f9ac2bd20_0, 0, 32;
    %jmp T_0.17;
T_0.14 ;
    %load/vec4 v0x556f9abde0a0_0;
    %load/vec4 v0x556f9abdd100_0;
    %cmp/u;
    %flag_or 5, 4;
    %flag_mov 8, 5;
    %jmp/0 T_0.28, 8;
    %pushi/vec4 1, 0, 32;
    %jmp/1 T_0.29, 8;
T_0.28 ; End of true expr.
    %pushi/vec4 0, 0, 32;
    %jmp/0 T_0.29, 8;
 ; End of false expr.
    %blend;
T_0.29;
    %store/vec4 v0x556f9ac2bd20_0, 0, 32;
    %jmp T_0.17;
T_0.15 ;
    %pushi/vec4 1, 0, 32;
    %store/vec4 v0x556f9ac2bd20_0, 0, 32;
    %jmp T_0.17;
T_0.17 ;
    %pop/vec4 1;
    %jmp T_0;
    .thread T_0, $push;
# The file index is used to find the file name in the following table.
:file_names 4;
    "N/A";
    "<interactive>";
    "-";
    "ALU.sv";
